{
  "RSpec": {
    "coverage": {
      "/Users/ekalaja/RubyOnRailsProjects/ratebeer/app/models/user.rb": [
        1,
        1,
        null,
        1,
        1,
        1,
        null,
        1,
        1,
        null,
        null,
        null,
        1,
        null,
        1,
        null,
        null,
        null,
        1,
        null,
        null,
        1,
        3,
        9,
        null,
        null,
        1,
        null,
        null,
        7,
        7,
        null,
        20,
        7,
        9,
        9,
        9,
        null,
        null,
        7,
        null,
        null,
        1,
        7,
        7,
        null,
        20,
        7,
        9,
        9,
        9,
        null,
        null,
        7,
        null,
        null,
        null,
        null,
        null,
        null,
        null,
        null,
        null,
        null,
        null,
        null,
        null,
        null,
        null,
        null,
        null,
        null,
        null,
        null,
        null,
        null,
        null,
        null,
        null,
        null,
        null,
        null,
        null,
        null,
        null,
        null,
        null,
        null,
        null
      ],
      "/Users/ekalaja/RubyOnRailsProjects/ratebeer/app/models/application_record.rb": [
        1,
        1,
        null
      ],
      "/Users/ekalaja/RubyOnRailsProjects/ratebeer/app/models/concerns/basic_counting.rb": [
        1,
        1,
        null,
        1,
        6,
        15,
        null,
        null,
        null,
        null,
        null,
        null,
        null,
        null
      ],
      "/Users/ekalaja/RubyOnRailsProjects/ratebeer/app/models/rating.rb": [
        1,
        1,
        1,
        null,
        1,
        null,
        null,
        null,
        1,
        10,
        null,
        null,
        null
      ],
      "/Users/ekalaja/RubyOnRailsProjects/ratebeer/app/models/brewery.rb": [
        1,
        1,
        1,
        1,
        null,
        null,
        null,
        null,
        1,
        43,
        null,
        1,
        null,
        null,
        null
      ],
      "/Users/ekalaja/RubyOnRailsProjects/ratebeer/app/models/beer.rb": [
        1,
        1,
        null,
        1,
        1,
        1,
        null,
        null,
        1,
        1,
        null,
        1,
        2,
        null,
        null,
        1,
        0,
        0,
        null,
        null
      ],
      "/Users/ekalaja/RubyOnRailsProjects/ratebeer/app/helpers/application_helper.rb": [
        1,
        null
      ],
      "/Users/ekalaja/RubyOnRailsProjects/ratebeer/app/helpers/beer_clubs_helper.rb": [
        1,
        null
      ],
      "/Users/ekalaja/RubyOnRailsProjects/ratebeer/app/helpers/beers_helper.rb": [
        1,
        null
      ],
      "/Users/ekalaja/RubyOnRailsProjects/ratebeer/app/helpers/breweries_helper.rb": [
        1,
        null
      ],
      "/Users/ekalaja/RubyOnRailsProjects/ratebeer/app/helpers/memberships_helper.rb": [
        1,
        null
      ],
      "/Users/ekalaja/RubyOnRailsProjects/ratebeer/app/helpers/users_helper.rb": [
        1,
        null
      ],
      "/Users/ekalaja/RubyOnRailsProjects/ratebeer/app/controllers/sessions_controller.rb": [
        1,
        1,
        null,
        null,
        null,
        1,
        6,
        6,
        5,
        5,
        null,
        1,
        null,
        null,
        null,
        null,
        1,
        null,
        0,
        null,
        0,
        null,
        null
      ],
      "/Users/ekalaja/RubyOnRailsProjects/ratebeer/app/controllers/application_controller.rb": [
        1,
        1,
        null,
        null,
        1,
        null,
        1,
        99,
        62,
        null,
        null,
        1,
        4,
        null,
        null,
        null
      ],
      "/Users/ekalaja/RubyOnRailsProjects/ratebeer/app/controllers/users_controller.rb": [
        1,
        1,
        null,
        null,
        null,
        1,
        0,
        null,
        null,
        null,
        null,
        1,
        null,
        null,
        null,
        1,
        1,
        null,
        null,
        null,
        1,
        null,
        null,
        null,
        null,
        1,
        1,
        null,
        1,
        1,
        2,
        1,
        null,
        0,
        0,
        null,
        null,
        null,
        null,
        null,
        null,
        1,
        0,
        0,
        0,
        0,
        null,
        0,
        0,
        null,
        null,
        null,
        null,
        null,
        null,
        1,
        0,
        0,
        0,
        0,
        0,
        0,
        null,
        null,
        null,
        null,
        1,
        null,
        1,
        11,
        null,
        null,
        null,
        1,
        1,
        null,
        null
      ],
      "/Users/ekalaja/RubyOnRailsProjects/ratebeer/app/models/membership.rb": [
        null,
        1,
        1,
        1,
        null
      ],
      "/Users/ekalaja/RubyOnRailsProjects/ratebeer/app/models/beer_club.rb": [
        1,
        1,
        1,
        null
      ],
      "/Users/ekalaja/RubyOnRailsProjects/ratebeer/app/controllers/beers_controller.rb": [
        1,
        1,
        1,
        null,
        null,
        null,
        1,
        1,
        null,
        null,
        null,
        null,
        1,
        null,
        null,
        null,
        1,
        2,
        2,
        2,
        null,
        null,
        null,
        1,
        0,
        0,
        null,
        null,
        null,
        null,
        1,
        2,
        null,
        2,
        2,
        2,
        1,
        null,
        1,
        1,
        2,
        1,
        null,
        null,
        null,
        null,
        null,
        null,
        null,
        1,
        0,
        0,
        0,
        0,
        null,
        0,
        0,
        null,
        null,
        null,
        null,
        null,
        null,
        1,
        0,
        0,
        0,
        0,
        null,
        null,
        null,
        1,
        null,
        1,
        0,
        null,
        null,
        null,
        1,
        2,
        null,
        null,
        null
      ],
      "/Users/ekalaja/RubyOnRailsProjects/ratebeer/app/controllers/breweries_controller.rb": [
        1,
        1,
        1,
        null,
        null,
        null,
        null,
        1,
        3,
        null,
        null,
        null,
        null,
        1,
        null,
        null,
        null,
        1,
        0,
        null,
        null,
        null,
        1,
        null,
        null,
        null,
        null,
        1,
        0,
        null,
        0,
        0,
        0,
        0,
        null,
        0,
        0,
        null,
        null,
        null,
        null,
        null,
        null,
        1,
        0,
        0,
        0,
        0,
        null,
        0,
        0,
        null,
        null,
        null,
        null,
        null,
        null,
        1,
        0,
        0,
        0,
        0,
        null,
        null,
        null,
        null,
        null,
        null,
        1,
        1,
        null,
        null,
        null,
        1,
        0,
        null,
        null,
        null,
        null
      ],
      "/Users/ekalaja/RubyOnRailsProjects/ratebeer/app/controllers/ratings_controller.rb": [
        1,
        1,
        3,
        null,
        1,
        1,
        1,
        null,
        null,
        1,
        1,
        1,
        1,
        null,
        1,
        1,
        1,
        null,
        0,
        0,
        null,
        null,
        null,
        null,
        null,
        1,
        1,
        1,
        1,
        null,
        null,
        null
      ],
      "/Users/ekalaja/RubyOnRailsProjects/ratebeer/app/channels/application_cable/channel.rb": [
        0,
        0,
        0,
        0
      ],
      "/Users/ekalaja/RubyOnRailsProjects/ratebeer/app/channels/application_cable/connection.rb": [
        0,
        0,
        0,
        0
      ],
      "/Users/ekalaja/RubyOnRailsProjects/ratebeer/app/controllers/beer_clubs_controller.rb": [
        0,
        0,
        0,
        0,
        0,
        0,
        0,
        0,
        0,
        0,
        0,
        0,
        0,
        0,
        0,
        0,
        0,
        0,
        0,
        0,
        0,
        0,
        0,
        0,
        0,
        0,
        0,
        0,
        0,
        0,
        0,
        0,
        0,
        0,
        0,
        0,
        0,
        0,
        0,
        0,
        0,
        0,
        0,
        0,
        0,
        0,
        0,
        0,
        0,
        0,
        0,
        0,
        0,
        0,
        0,
        0,
        0,
        0,
        0,
        0,
        0,
        0,
        0,
        0,
        0,
        0,
        0,
        0,
        0,
        0,
        0,
        0,
        0,
        0
      ],
      "/Users/ekalaja/RubyOnRailsProjects/ratebeer/app/controllers/memberships_controller.rb": [
        0,
        0,
        0,
        0,
        0,
        0,
        0,
        0,
        0,
        0,
        0,
        0,
        0,
        0,
        0,
        0,
        0,
        0,
        0,
        0,
        0,
        0,
        0,
        0,
        0,
        0,
        0,
        0,
        0,
        0,
        0,
        0,
        0,
        0,
        0,
        0,
        0,
        0,
        0,
        0,
        0,
        0,
        0,
        0,
        0,
        0,
        0,
        0,
        0,
        0,
        0,
        0,
        0,
        0,
        0,
        0,
        0,
        0,
        0,
        0,
        0,
        0,
        0,
        0,
        0,
        0,
        0,
        0,
        0,
        0,
        0,
        0,
        0,
        0,
        0,
        0,
        0,
        0
      ],
      "/Users/ekalaja/RubyOnRailsProjects/ratebeer/app/jobs/application_job.rb": [
        0,
        0
      ],
      "/Users/ekalaja/RubyOnRailsProjects/ratebeer/app/mailers/application_mailer.rb": [
        0,
        0,
        0,
        0
      ]
    },
    "timestamp": 1486923897
  }
}
